  Compiling CUDA source file kernel.cu...
  
  C:\Users\pasca\source\repos\FMS_RC_NovaCUDA\FMS_RC_NovaCUDA>"C:\Program Files\NVIDIA GPU Computing Toolkit\CUDA\v11.2\bin\nvcc.exe" -gencode=arch=compute_52,code=\"sm_52,compute_52\" --use-local-env -ccbin "C:\Program Files (x86)\Microsoft Visual Studio\2019\Community\VC\Tools\MSVC\14.28.29333\bin\HostX86\x64" -x cu   -I"C:\Program Files\NVIDIA GPU Computing Toolkit\CUDA\v11.2\include" -I"C:\Program Files\NVIDIA GPU Computing Toolkit\CUDA\v11.2\include"  -G   --keep-dir x64\Debug  -maxrregcount=0  --machine 64 --compile -cudart static  -g  -DWIN32 -DWIN64 -D_DEBUG -D_CONSOLE -D_MBCS -Xcompiler "/EHsc /W3 /nologo /Od /Fdx64\Debug\vc142.pdb /FS /Zi /RTC1 /MDd " -o x64\Debug\kernel.cu.obj "C:\Users\pasca\source\repos\FMS_RC_NovaCUDA\FMS_RC_NovaCUDA\kernel.cu" 
C:/Users/pasca/source/repos/FMS_RC_NovaCUDA/FMS_RC_NovaCUDA/kernel.cu(47): warning : variable "t_step" was declared but never referenced
  
C:/Users/pasca/source/repos/FMS_RC_NovaCUDA/FMS_RC_NovaCUDA/kernel.cu(50): warning : variable "n_step" was declared but never referenced
  
C:/Users/pasca/source/repos/FMS_RC_NovaCUDA/FMS_RC_NovaCUDA/kernel.cu(56): warning : variable "kappa_air" was set but never used
  
C:/Users/pasca/source/repos/FMS_RC_NovaCUDA/FMS_RC_NovaCUDA/kernel.cu(67): warning : variable "F0" was set but never used
  
C:/Users/pasca/source/repos/FMS_RC_NovaCUDA/FMS_RC_NovaCUDA/kernel.cu(69): warning : variable "Fint" was set but never used
  
C:/Users/pasca/source/repos/FMS_RC_NovaCUDA/FMS_RC_NovaCUDA/kernel.cu(74): warning : variable "gam" was set but never used
  
C:/Users/pasca/source/repos/FMS_RC_NovaCUDA/FMS_RC_NovaCUDA/kernel.cu(112): warning : variable "pu" was set but never used
  
C:/Users/pasca/source/repos/FMS_RC_NovaCUDA/FMS_RC_NovaCUDA/kernel.cu(114): warning : variable "k_V_l" was set but never used
  
C:/Users/pasca/source/repos/FMS_RC_NovaCUDA/FMS_RC_NovaCUDA/kernel.cu(115): warning : variable "k_IR_l" was set but never used
  
C:/Users/pasca/source/repos/FMS_RC_NovaCUDA/FMS_RC_NovaCUDA/kernel.cu(122): warning : variable "gam_V" was set but never used
  
C:/Users/pasca/source/repos/FMS_RC_NovaCUDA/FMS_RC_NovaCUDA/kernel.cu(123): warning : variable "Beta_V" was set but never used
  
C:/Users/pasca/source/repos/FMS_RC_NovaCUDA/FMS_RC_NovaCUDA/kernel.cu(124): warning : variable "Beta" was set but never used
  
C:/Users/pasca/source/repos/FMS_RC_NovaCUDA/FMS_RC_NovaCUDA/kernel.cu(134): warning : variable "dT_rad" was declared but never referenced
  
C:/Users/pasca/source/repos/FMS_RC_NovaCUDA/FMS_RC_NovaCUDA/kernel.cu(135): warning : variable "dT_conv" was declared but never referenced
  
C:/Users/pasca/source/repos/FMS_RC_NovaCUDA/FMS_RC_NovaCUDA/kernel.cu(136): warning : variable "net_F" was declared but never referenced
  
  kernel.cu
C:/Users/pasca/source/repos/FMS_RC_NovaCUDA/FMS_RC_NovaCUDA/kernel.cu(135): warning C4101: "dT_conv": Unreferenzierte lokale Variable
C:/Users/pasca/source/repos/FMS_RC_NovaCUDA/FMS_RC_NovaCUDA/kernel.cu(136): warning C4101: "net_F": Unreferenzierte lokale Variable
C:/Users/pasca/source/repos/FMS_RC_NovaCUDA/FMS_RC_NovaCUDA/kernel.cu(134): warning C4101: "dT_rad": Unreferenzierte lokale Variable
     Bibliothek "C:\Users\pasca\source\repos\FMS_RC_NovaCUDA\x64\Debug\FMS_RC_NovaCUDA.lib" und Objekt "C:\Users\pasca\source\repos\FMS_RC_NovaCUDA\x64\Debug\FMS_RC_NovaCUDA.exp" werden erstellt.
cudadevrt.lib(cuda_device_runtime.obj) : error LNK2019: Verweis auf nicht aufgelöstes externes Symbol "__cudaRegisterLinkedBinary_38_cuda_device_runtime_compute_86_cpp1_ii_8b1a5d37" in Funktion ""void __cdecl __sti____cudaRegisterAll(void)" (?__sti____cudaRegisterAll@@YAXXZ)".
C:\Users\pasca\source\repos\FMS_RC_NovaCUDA\x64\Debug\FMS_RC_NovaCUDA.exe : fatal error LNK1120: 1 nicht aufgelöste Externe
